<?xml version="1.0" encoding="UTF-8"?>
<!-- Generated by org.testng.reporters.JUnitReportReporter -->
<testsuite hostname="NEW-PC" name="DocuTrackerPac.NewTest" tests="1" failures="0" timestamp="22 Jun 2015 11:24:55 GMT" time="109.488" errors="0">
  <testcase name="CreateISDADraft" time="109.488" classname="DocuTrackerPac.NewTest"/>
</testsuite> <!-- DocuTrackerPac.NewTest -->
